0 [main] INFO NLS  - DTB Encryption Protector Version 1.7.0 - 2013/12/18 08:00 EDT
47 [main] INFO NLS  - == Start DTB Encryption at Wed Jun 07 17:19:55 EDT 2023
47 [main] INFO NLS  - Using output directory = |C:\NLSEncrypt\scripts\..\DRM\protectedBooks\en-05181|
47 [main] INFO NLS  - Using facade directory = |C:\NLSEncrypt\scripts\..\testEncryptInputs\facade|
47 [main] INFO NLS  - Using public key file = |C:\NLSEncrypt\scripts\..\testEncryptInputs\us-nls.ntwk-1.pub.der|
47 [main] INFO NLS  - Using AO file = |C:\NLSEncrypt\scripts\..\testEncryptInputs\template.ao|
47 [main] INFO NLS  - Using input directory = |Z:\Jon\en-05181\HABC\en-05181|
47 [main] INFO NLS  - Public Key File found.  |C:\NLSEncrypt\scripts\..\testEncryptInputs\us-nls.ntwk-1.pub.der|
94 [main] INFO NLS  - Headings audio file NOT being encrypted
438 [main] INFO NLS  - DTBuid:  us-jbi-en-05181
438 [main] INFO NLS  - Created the manifestMap   return code = 0
453 [main] INFO NLS  - Created the spineMap   return code = 0
500 [main] INFO NLS  - Created the facade OPF   return code = 0
500 [main] INFO NLS  - ID of headings file = hdgs
625 [main] INFO NLS  - Created the facade   return code = 0
625 [main] INFO NLS  - Created the new AO   return code = 0
1375 [main] INFO NLS  - Created the Encryption Keys   return code = 0
1469 [main] INFO NLS  - Encrypted audio file en-05181-0001.3gp!
1516 [main] INFO NLS  - Encrypted audio file en-05181-0010.3gp!
1578 [main] INFO NLS  - Encrypted audio file en-05181-0100.3gp!
1625 [main] INFO NLS  - Encrypted audio file en-05181-0101.3gp!
1672 [main] INFO NLS  - Encrypted audio file en-05181-0102.3gp!
1672 [main] INFO NLS  - Encrypted audio file en-05181-0103.3gp!
1703 [main] INFO NLS  - Encrypted audio file en-05181-0104.3gp!
1703 [main] INFO NLS  - Encrypted audio file en-05181-0105.3gp!
1750 [main] INFO NLS  - Encrypted audio file en-05181-0106.3gp!
1781 [main] INFO NLS  - Encrypted audio file en-05181-0107.3gp!
1813 [main] INFO NLS  - Encrypted audio file en-05181-0108.3gp!
1844 [main] INFO NLS  - Encrypted audio file en-05181-0109.3gp!
1860 [main] INFO NLS  - Encrypted audio file en-05181-0011.3gp!
1938 [main] INFO NLS  - Encrypted audio file en-05181-0110.3gp!
1953 [main] INFO NLS  - Encrypted audio file en-05181-0111.3gp!
2000 [main] INFO NLS  - Encrypted audio file en-05181-0112.3gp!
2078 [main] INFO NLS  - Encrypted audio file en-05181-0113.3gp!
2141 [main] INFO NLS  - Encrypted audio file en-05181-0114.3gp!
2203 [main] INFO NLS  - Encrypted audio file en-05181-0115.3gp!
2235 [main] INFO NLS  - Encrypted audio file en-05181-0116.3gp!
2250 [main] INFO NLS  - Encrypted audio file en-05181-0117.3gp!
2906 [main] INFO NLS  - Encrypted audio file en-05181-0118.3gp!
3250 [main] INFO NLS  - Encrypted audio file en-05181-0119.3gp!
3266 [main] INFO NLS  - Encrypted audio file en-05181-0012.3gp!
3344 [main] INFO NLS  - Encrypted audio file en-05181-0120.3gp!
3359 [main] INFO NLS  - Encrypted audio file en-05181-0121.3gp!
3953 [main] INFO NLS  - Encrypted audio file en-05181-0122.3gp!
3984 [main] INFO NLS  - Encrypted audio file en-05181-0123.3gp!
4047 [main] INFO NLS  - Encrypted audio file en-05181-0124.3gp!
4063 [main] INFO NLS  - Encrypted audio file en-05181-0125.3gp!
4078 [main] INFO NLS  - Encrypted audio file en-05181-0126.3gp!
4094 [main] INFO NLS  - Encrypted audio file en-05181-0127.3gp!
4109 [main] INFO NLS  - Encrypted audio file en-05181-0128.3gp!
4125 [main] INFO NLS  - Encrypted audio file en-05181-0129.3gp!
4125 [main] INFO NLS  - Encrypted audio file en-05181-0013.3gp!
4141 [main] INFO NLS  - Encrypted audio file en-05181-0130.3gp!
4156 [main] INFO NLS  - Encrypted audio file en-05181-0131.3gp!
4156 [main] INFO NLS  - Encrypted audio file en-05181-0132.3gp!
4172 [main] INFO NLS  - Encrypted audio file en-05181-0133.3gp!
4172 [main] INFO NLS  - Encrypted audio file en-05181-0134.3gp!
4188 [main] INFO NLS  - Encrypted audio file en-05181-0135.3gp!
4203 [main] INFO NLS  - Encrypted audio file en-05181-0136.3gp!
4203 [main] INFO NLS  - Encrypted audio file en-05181-0137.3gp!
4219 [main] INFO NLS  - Encrypted audio file en-05181-0138.3gp!
4234 [main] INFO NLS  - Encrypted audio file en-05181-0139.3gp!
4266 [main] INFO NLS  - Encrypted audio file en-05181-0014.3gp!
4281 [main] INFO NLS  - Encrypted audio file en-05181-0140.3gp!
4359 [main] INFO NLS  - Encrypted audio file en-05181-0141.3gp!
4391 [main] INFO NLS  - Encrypted audio file en-05181-0142.3gp!
4422 [main] INFO NLS  - Encrypted audio file en-05181-0143.3gp!
4828 [main] INFO NLS  - Encrypted audio file en-05181-0144.3gp!
4859 [main] INFO NLS  - Encrypted audio file en-05181-0145.3gp!
4875 [main] INFO NLS  - Encrypted audio file en-05181-0146.3gp!
4891 [main] INFO NLS  - Encrypted audio file en-05181-0147.3gp!
5359 [main] INFO NLS  - Encrypted audio file en-05181-0148.3gp!
5391 [main] INFO NLS  - Encrypted audio file en-05181-0149.3gp!
5406 [main] INFO NLS  - Encrypted audio file en-05181-0015.3gp!
5437 [main] INFO NLS  - Encrypted audio file en-05181-0150.3gp!
5453 [main] INFO NLS  - Encrypted audio file en-05181-0151.3gp!
5469 [main] INFO NLS  - Encrypted audio file en-05181-0152.3gp!
5484 [main] INFO NLS  - Encrypted audio file en-05181-0153.3gp!
5484 [main] INFO NLS  - Encrypted audio file en-05181-0154.3gp!
5516 [main] INFO NLS  - Encrypted audio file en-05181-0155.3gp!
5547 [main] INFO NLS  - Encrypted audio file en-05181-0156.3gp!
5562 [main] INFO NLS  - Encrypted audio file en-05181-0157.3gp!
5562 [main] INFO NLS  - Encrypted audio file en-05181-0158.3gp!
5578 [main] INFO NLS  - Encrypted audio file en-05181-0159.3gp!
5656 [main] INFO NLS  - Encrypted audio file en-05181-0016.3gp!
5672 [main] INFO NLS  - Encrypted audio file en-05181-0160.3gp!
5687 [main] INFO NLS  - Encrypted audio file en-05181-0161.3gp!
5703 [main] INFO NLS  - Encrypted audio file en-05181-0162.3gp!
5703 [main] INFO NLS  - Encrypted audio file en-05181-0163.3gp!
5719 [main] INFO NLS  - Encrypted audio file en-05181-0164.3gp!
5734 [main] INFO NLS  - Encrypted audio file en-05181-0165.3gp!
5750 [main] INFO NLS  - Encrypted audio file en-05181-0166.3gp!
5750 [main] INFO NLS  - Encrypted audio file en-05181-0167.3gp!
5766 [main] INFO NLS  - Encrypted audio file en-05181-0168.3gp!
5766 [main] INFO NLS  - Encrypted audio file en-05181-0169.3gp!
5828 [main] INFO NLS  - Encrypted audio file en-05181-0017.3gp!
5828 [main] INFO NLS  - Encrypted audio file en-05181-0170.3gp!
5844 [main] INFO NLS  - Encrypted audio file en-05181-0171.3gp!
5859 [main] INFO NLS  - Encrypted audio file en-05181-0172.3gp!
5859 [main] INFO NLS  - Encrypted audio file en-05181-0173.3gp!
5875 [main] INFO NLS  - Encrypted audio file en-05181-0174.3gp!
5891 [main] INFO NLS  - Encrypted audio file en-05181-0175.3gp!
5891 [main] INFO NLS  - Encrypted audio file en-05181-0176.3gp!
5906 [main] INFO NLS  - Encrypted audio file en-05181-0177.3gp!
5906 [main] INFO NLS  - Encrypted audio file en-05181-0178.3gp!
5922 [main] INFO NLS  - Encrypted audio file en-05181-0179.3gp!
5937 [main] INFO NLS  - Encrypted audio file en-05181-0018.3gp!
5953 [main] INFO NLS  - Encrypted audio file en-05181-0180.3gp!
5953 [main] INFO NLS  - Encrypted audio file en-05181-0181.3gp!
5969 [main] INFO NLS  - Encrypted audio file en-05181-0182.3gp!
5984 [main] INFO NLS  - Encrypted audio file en-05181-0183.3gp!
5984 [main] INFO NLS  - Encrypted audio file en-05181-0184.3gp!
6016 [main] INFO NLS  - Encrypted audio file en-05181-0185.3gp!
6031 [main] INFO NLS  - Encrypted audio file en-05181-0186.3gp!
6453 [main] INFO NLS  - Encrypted audio file en-05181-0187.3gp!
6453 [main] INFO NLS  - Encrypted audio file en-05181-0188.3gp!
6469 [main] INFO NLS  - Encrypted audio file en-05181-0189.3gp!
6484 [main] INFO NLS  - Encrypted audio file en-05181-0019.3gp!
6500 [main] INFO NLS  - Encrypted audio file en-05181-0190.3gp!
6500 [main] INFO NLS  - Encrypted audio file en-05181-0191.3gp!
6516 [main] INFO NLS  - Encrypted audio file en-05181-0192.3gp!
6531 [main] INFO NLS  - Encrypted audio file en-05181-0193.3gp!
6531 [main] INFO NLS  - Encrypted audio file en-05181-0194.3gp!
6562 [main] INFO NLS  - Encrypted audio file en-05181-0195.3gp!
6562 [main] INFO NLS  - Encrypted audio file en-05181-0196.3gp!
6578 [main] INFO NLS  - Encrypted audio file en-05181-0197.3gp!
6578 [main] INFO NLS  - Encrypted audio file en-05181-0198.3gp!
6594 [main] INFO NLS  - Encrypted audio file en-05181-0199.3gp!
6641 [main] INFO NLS  - Encrypted audio file en-05181-0002.3gp!
6687 [main] INFO NLS  - Encrypted audio file en-05181-0020.3gp!
6687 [main] INFO NLS  - Encrypted audio file en-05181-0200.3gp!
6703 [main] INFO NLS  - Encrypted audio file en-05181-0201.3gp!
6703 [main] INFO NLS  - Encrypted audio file en-05181-0202.3gp!
6703 [main] INFO NLS  - Encrypted audio file en-05181-0203.3gp!
6875 [main] INFO NLS  - Encrypted audio file en-05181-0204.3gp!
6891 [main] INFO NLS  - Encrypted audio file en-05181-0205.3gp!
6906 [main] INFO NLS  - Encrypted audio file en-05181-0206.3gp!
6906 [main] INFO NLS  - Encrypted audio file en-05181-0207.3gp!
6906 [main] INFO NLS  - Encrypted audio file en-05181-0208.3gp!
6922 [main] INFO NLS  - Encrypted audio file en-05181-0209.3gp!
6937 [main] INFO NLS  - Encrypted audio file en-05181-0021.3gp!
6953 [main] INFO NLS  - Encrypted audio file en-05181-0210.3gp!
6953 [main] INFO NLS  - Encrypted audio file en-05181-0211.3gp!
6969 [main] INFO NLS  - Encrypted audio file en-05181-0212.3gp!
6969 [main] INFO NLS  - Encrypted audio file en-05181-0213.3gp!
6969 [main] INFO NLS  - Encrypted audio file en-05181-0214.3gp!
6969 [main] INFO NLS  - Encrypted audio file en-05181-0215.3gp!
6984 [main] INFO NLS  - Encrypted audio file en-05181-0216.3gp!
6984 [main] INFO NLS  - Encrypted audio file en-05181-0217.3gp!
7000 [main] INFO NLS  - Encrypted audio file en-05181-0218.3gp!
7000 [main] INFO NLS  - Encrypted audio file en-05181-0219.3gp!
7047 [main] INFO NLS  - Encrypted audio file en-05181-0022.3gp!
7062 [main] INFO NLS  - Encrypted audio file en-05181-0220.3gp!
7062 [main] INFO NLS  - Encrypted audio file en-05181-0221.3gp!
7062 [main] INFO NLS  - Encrypted audio file en-05181-0222.3gp!
7094 [main] INFO NLS  - Encrypted audio file en-05181-0223.3gp!
7094 [main] INFO NLS  - Encrypted audio file en-05181-0224.3gp!
7109 [main] INFO NLS  - Encrypted audio file en-05181-0225.3gp!
7109 [main] INFO NLS  - Encrypted audio file en-05181-0226.3gp!
7109 [main] INFO NLS  - Encrypted audio file en-05181-0227.3gp!
7109 [main] INFO NLS  - Encrypted audio file en-05181-0228.3gp!
7125 [main] INFO NLS  - Encrypted audio file en-05181-0229.3gp!
7141 [main] INFO NLS  - Encrypted audio file en-05181-0023.3gp!
7141 [main] INFO NLS  - Encrypted audio file en-05181-0230.3gp!
7156 [main] INFO NLS  - Encrypted audio file en-05181-0231.3gp!
7156 [main] INFO NLS  - Encrypted audio file en-05181-0232.3gp!
7156 [main] INFO NLS  - Encrypted audio file en-05181-0233.3gp!
7172 [main] INFO NLS  - Encrypted audio file en-05181-0234.3gp!
7172 [main] INFO NLS  - Encrypted audio file en-05181-0235.3gp!
7187 [main] INFO NLS  - Encrypted audio file en-05181-0236.3gp!
7187 [main] INFO NLS  - Encrypted audio file en-05181-0237.3gp!
7187 [main] INFO NLS  - Encrypted audio file en-05181-0238.3gp!
7203 [main] INFO NLS  - Encrypted audio file en-05181-0239.3gp!
7234 [main] INFO NLS  - Encrypted audio file en-05181-0024.3gp!
7234 [main] INFO NLS  - Encrypted audio file en-05181-0240.3gp!
7250 [main] INFO NLS  - Encrypted audio file en-05181-0241.3gp!
7250 [main] INFO NLS  - Encrypted audio file en-05181-0242.3gp!
7250 [main] INFO NLS  - Encrypted audio file en-05181-0243.3gp!
7266 [main] INFO NLS  - Encrypted audio file en-05181-0244.3gp!
7266 [main] INFO NLS  - Encrypted audio file en-05181-0245.3gp!
7266 [main] INFO NLS  - Encrypted audio file en-05181-0246.3gp!
7281 [main] INFO NLS  - Encrypted audio file en-05181-0247.3gp!
7297 [main] INFO NLS  - Encrypted audio file en-05181-0248.3gp!
7297 [main] INFO NLS  - Encrypted audio file en-05181-0249.3gp!
7312 [main] INFO NLS  - Encrypted audio file en-05181-0025.3gp!
7328 [main] INFO NLS  - Encrypted audio file en-05181-0250.3gp!
7328 [main] INFO NLS  - Encrypted audio file en-05181-0251.3gp!
7344 [main] INFO NLS  - Encrypted audio file en-05181-0252.3gp!
7344 [main] INFO NLS  - Encrypted audio file en-05181-0253.3gp!
7375 [main] INFO NLS  - Encrypted audio file en-05181-0254.3gp!
7391 [main] INFO NLS  - Encrypted audio file en-05181-0255.3gp!
7797 [main] INFO NLS  - Encrypted audio file en-05181-0256.3gp!
7812 [main] INFO NLS  - Encrypted audio file en-05181-0257.3gp!
7812 [main] INFO NLS  - Encrypted audio file en-05181-0258.3gp!
7828 [main] INFO NLS  - Encrypted audio file en-05181-0259.3gp!
7844 [main] INFO NLS  - Encrypted audio file en-05181-0026.3gp!
7844 [main] INFO NLS  - Encrypted audio file en-05181-0260.3gp!
7859 [main] INFO NLS  - Encrypted audio file en-05181-0261.3gp!
7859 [main] INFO NLS  - Encrypted audio file en-05181-0262.3gp!
7875 [main] INFO NLS  - Encrypted audio file en-05181-0263.3gp!
7875 [main] INFO NLS  - Encrypted audio file en-05181-0264.3gp!
7875 [main] INFO NLS  - Encrypted audio file en-05181-0265.3gp!
7890 [main] INFO NLS  - Encrypted audio file en-05181-0266.3gp!
7890 [main] INFO NLS  - Encrypted audio file en-05181-0267.3gp!
7906 [main] INFO NLS  - Encrypted audio file en-05181-0268.3gp!
7906 [main] INFO NLS  - Encrypted audio file en-05181-0269.3gp!
7922 [main] INFO NLS  - Encrypted audio file en-05181-0027.3gp!
7937 [main] INFO NLS  - Encrypted audio file en-05181-0270.3gp!
7937 [main] INFO NLS  - Encrypted audio file en-05181-0271.3gp!
7953 [main] INFO NLS  - Encrypted audio file en-05181-0272.3gp!
7953 [main] INFO NLS  - Encrypted audio file en-05181-0273.3gp!
7953 [main] INFO NLS  - Encrypted audio file en-05181-0274.3gp!
7953 [main] INFO NLS  - Encrypted audio file en-05181-0275.3gp!
7969 [main] INFO NLS  - Encrypted audio file en-05181-0276.3gp!
7969 [main] INFO NLS  - Encrypted audio file en-05181-0277.3gp!
7969 [main] INFO NLS  - Encrypted audio file en-05181-0278.3gp!
7984 [main] INFO NLS  - Encrypted audio file en-05181-0279.3gp!
8000 [main] INFO NLS  - Encrypted audio file en-05181-0028.3gp!
8000 [main] INFO NLS  - Encrypted audio file en-05181-0280.3gp!
8000 [main] INFO NLS  - Encrypted audio file en-05181-0281.3gp!
8000 [main] INFO NLS  - Encrypted audio file en-05181-0282.3gp!
8015 [main] INFO NLS  - Encrypted audio file en-05181-0283.3gp!
8015 [main] INFO NLS  - Encrypted audio file en-05181-0284.3gp!
8015 [main] INFO NLS  - Encrypted audio file en-05181-0285.3gp!
8031 [main] INFO NLS  - Encrypted audio file en-05181-0286.3gp!
8031 [main] INFO NLS  - Encrypted audio file en-05181-0287.3gp!
8047 [main] INFO NLS  - Encrypted audio file en-05181-0288.3gp!
8047 [main] INFO NLS  - Encrypted audio file en-05181-0289.3gp!
8062 [main] INFO NLS  - Encrypted audio file en-05181-0029.3gp!
8078 [main] INFO NLS  - Encrypted audio file en-05181-0290.3gp!
8094 [main] INFO NLS  - Encrypted audio file en-05181-0291.3gp!
8094 [main] INFO NLS  - Encrypted audio file en-05181-0292.3gp!
8094 [main] INFO NLS  - Encrypted audio file en-05181-0293.3gp!
8094 [main] INFO NLS  - Encrypted audio file en-05181-0294.3gp!
8109 [main] INFO NLS  - Encrypted audio file en-05181-0295.3gp!
8109 [main] INFO NLS  - Encrypted audio file en-05181-0296.3gp!
8109 [main] INFO NLS  - Encrypted audio file en-05181-0297.3gp!
8109 [main] INFO NLS  - Encrypted audio file en-05181-0298.3gp!
8125 [main] INFO NLS  - Encrypted audio file en-05181-0299.3gp!
8172 [main] INFO NLS  - Encrypted audio file en-05181-0003.3gp!
8187 [main] INFO NLS  - Encrypted audio file en-05181-0030.3gp!
8187 [main] INFO NLS  - Encrypted audio file en-05181-0300.3gp!
8203 [main] INFO NLS  - Encrypted audio file en-05181-0301.3gp!
8203 [main] INFO NLS  - Encrypted audio file en-05181-0302.3gp!
8219 [main] INFO NLS  - Encrypted audio file en-05181-0303.3gp!
8219 [main] INFO NLS  - Encrypted audio file en-05181-0304.3gp!
8219 [main] INFO NLS  - Encrypted audio file en-05181-0305.3gp!
8234 [main] INFO NLS  - Encrypted audio file en-05181-0306.3gp!
8234 [main] INFO NLS  - Encrypted audio file en-05181-0307.3gp!
8234 [main] INFO NLS  - Encrypted audio file en-05181-0308.3gp!
8234 [main] INFO NLS  - Encrypted audio file en-05181-0309.3gp!
8250 [main] INFO NLS  - Encrypted audio file en-05181-0031.3gp!
8250 [main] INFO NLS  - Encrypted audio file en-05181-0310.3gp!
8265 [main] INFO NLS  - Encrypted audio file en-05181-0311.3gp!
8265 [main] INFO NLS  - Encrypted audio file en-05181-0312.3gp!
8265 [main] INFO NLS  - Encrypted audio file en-05181-0313.3gp!
8281 [main] INFO NLS  - Encrypted audio file en-05181-0314.3gp!
8281 [main] INFO NLS  - Encrypted audio file en-05181-0315.3gp!
8281 [main] INFO NLS  - Encrypted audio file en-05181-0316.3gp!
8297 [main] INFO NLS  - Encrypted audio file en-05181-0317.3gp!
8297 [main] INFO NLS  - Encrypted audio file en-05181-0318.3gp!
8328 [main] INFO NLS  - Encrypted audio file en-05181-0319.3gp!
8359 [main] INFO NLS  - Encrypted audio file en-05181-0032.3gp!
8359 [main] INFO NLS  - Encrypted audio file en-05181-0320.3gp!
8359 [main] INFO NLS  - Encrypted audio file en-05181-0321.3gp!
8375 [main] INFO NLS  - Encrypted audio file en-05181-0322.3gp!
8375 [main] INFO NLS  - Encrypted audio file en-05181-0323.3gp!
8390 [main] INFO NLS  - Encrypted audio file en-05181-0324.3gp!
8390 [main] INFO NLS  - Encrypted audio file en-05181-0325.3gp!
8390 [main] INFO NLS  - Encrypted audio file en-05181-0326.3gp!
8406 [main] INFO NLS  - Encrypted audio file en-05181-0327.3gp!
8406 [main] INFO NLS  - Encrypted audio file en-05181-0328.3gp!
8406 [main] INFO NLS  - Encrypted audio file en-05181-0329.3gp!
8422 [main] INFO NLS  - Encrypted audio file en-05181-0033.3gp!
8422 [main] INFO NLS  - Encrypted audio file en-05181-0330.3gp!
8422 [main] INFO NLS  - Encrypted audio file en-05181-0331.3gp!
8437 [main] INFO NLS  - Encrypted audio file en-05181-0332.3gp!
8437 [main] INFO NLS  - Encrypted audio file en-05181-0333.3gp!
8437 [main] INFO NLS  - Encrypted audio file en-05181-0334.3gp!
8453 [main] INFO NLS  - Encrypted audio file en-05181-0335.3gp!
8469 [main] INFO NLS  - Encrypted audio file en-05181-0336.3gp!
8469 [main] INFO NLS  - Encrypted audio file en-05181-0337.3gp!
8484 [main] INFO NLS  - Encrypted audio file en-05181-0338.3gp!
8484 [main] INFO NLS  - Encrypted audio file en-05181-0339.3gp!
8500 [main] INFO NLS  - Encrypted audio file en-05181-0034.3gp!
8515 [main] INFO NLS  - Encrypted audio file en-05181-0340.3gp!
8531 [main] INFO NLS  - Encrypted audio file en-05181-0341.3gp!
8531 [main] INFO NLS  - Encrypted audio file en-05181-0342.3gp!
8531 [main] INFO NLS  - Encrypted audio file en-05181-0343.3gp!
8547 [main] INFO NLS  - Encrypted audio file en-05181-0344.3gp!
8547 [main] INFO NLS  - Encrypted audio file en-05181-0345.3gp!
8547 [main] INFO NLS  - Encrypted audio file en-05181-0346.3gp!
8562 [main] INFO NLS  - Encrypted audio file en-05181-0347.3gp!
8562 [main] INFO NLS  - Encrypted audio file en-05181-0348.3gp!
8578 [main] INFO NLS  - Encrypted audio file en-05181-0349.3gp!
8578 [main] INFO NLS  - Encrypted audio file en-05181-0035.3gp!
8594 [main] INFO NLS  - Encrypted audio file en-05181-0350.3gp!
8594 [main] INFO NLS  - Encrypted audio file en-05181-0351.3gp!
8609 [main] INFO NLS  - Encrypted audio file en-05181-0352.3gp!
8609 [main] INFO NLS  - Encrypted audio file en-05181-0353.3gp!
8609 [main] INFO NLS  - Encrypted audio file en-05181-0354.3gp!
8625 [main] INFO NLS  - Encrypted audio file en-05181-0355.3gp!
8625 [main] INFO NLS  - Encrypted audio file en-05181-0356.3gp!
8625 [main] INFO NLS  - Encrypted audio file en-05181-0357.3gp!
8640 [main] INFO NLS  - Encrypted audio file en-05181-0358.3gp!
8640 [main] INFO NLS  - Encrypted audio file en-05181-0359.3gp!
8672 [main] INFO NLS  - Encrypted audio file en-05181-0036.3gp!
8687 [main] INFO NLS  - Encrypted audio file en-05181-0360.3gp!
8687 [main] INFO NLS  - Encrypted audio file en-05181-0361.3gp!
8687 [main] INFO NLS  - Encrypted audio file en-05181-0362.3gp!
8703 [main] INFO NLS  - Encrypted audio file en-05181-0363.3gp!
8719 [main] INFO NLS  - Encrypted audio file en-05181-0364.3gp!
8765 [main] INFO NLS  - Encrypted audio file en-05181-0365.3gp!
8765 [main] INFO NLS  - Encrypted audio file en-05181-0366.3gp!
8765 [main] INFO NLS  - Encrypted audio file en-05181-0367.3gp!
8765 [main] INFO NLS  - Encrypted audio file en-05181-0368.3gp!
9062 [main] INFO NLS  - Encrypted audio file en-05181-0369.3gp!
9094 [main] INFO NLS  - Encrypted audio file en-05181-0037.3gp!
9187 [main] INFO NLS  - Encrypted audio file en-05181-0370.3gp!
9203 [main] INFO NLS  - Encrypted audio file en-05181-0371.3gp!
9219 [main] INFO NLS  - Encrypted audio file en-05181-0372.3gp!
9234 [main] INFO NLS  - Encrypted audio file en-05181-0373.3gp!
9234 [main] INFO NLS  - Encrypted audio file en-05181-0374.3gp!
9250 [main] INFO NLS  - Encrypted audio file en-05181-0375.3gp!
9250 [main] INFO NLS  - Encrypted audio file en-05181-0376.3gp!
9250 [main] INFO NLS  - Encrypted audio file en-05181-0377.3gp!
9265 [main] INFO NLS  - Encrypted audio file en-05181-0378.3gp!
9265 [main] INFO NLS  - Encrypted audio file en-05181-0379.3gp!
9281 [main] INFO NLS  - Encrypted audio file en-05181-0038.3gp!
9297 [main] INFO NLS  - Encrypted audio file en-05181-0380.3gp!
9297 [main] INFO NLS  - Encrypted audio file en-05181-0381.3gp!
9297 [main] INFO NLS  - Encrypted audio file en-05181-0382.3gp!
9312 [main] INFO NLS  - Encrypted audio file en-05181-0383.3gp!
9312 [main] INFO NLS  - Encrypted audio file en-05181-0384.3gp!
9312 [main] INFO NLS  - Encrypted audio file en-05181-0385.3gp!
9328 [main] INFO NLS  - Encrypted audio file en-05181-0386.3gp!
9328 [main] INFO NLS  - Encrypted audio file en-05181-0387.3gp!
9328 [main] INFO NLS  - Encrypted audio file en-05181-0388.3gp!
9344 [main] INFO NLS  - Encrypted audio file en-05181-0389.3gp!
9359 [main] INFO NLS  - Encrypted audio file en-05181-0039.3gp!
9359 [main] INFO NLS  - Encrypted audio file en-05181-0390.3gp!
9359 [main] INFO NLS  - Encrypted audio file en-05181-0391.3gp!
9359 [main] INFO NLS  - Encrypted audio file en-05181-0392.3gp!
9375 [main] INFO NLS  - Encrypted audio file en-05181-0393.3gp!
9375 [main] INFO NLS  - Encrypted audio file en-05181-0394.3gp!
9375 [main] INFO NLS  - Encrypted audio file en-05181-0395.3gp!
9375 [main] INFO NLS  - Encrypted audio file en-05181-0396.3gp!
9375 [main] INFO NLS  - Encrypted audio file en-05181-0397.3gp!
9375 [main] INFO NLS  - Encrypted audio file en-05181-0398.3gp!
9390 [main] INFO NLS  - Encrypted audio file en-05181-0399.3gp!
9406 [main] INFO NLS  - Encrypted audio file en-05181-0004.3gp!
9437 [main] INFO NLS  - Encrypted audio file en-05181-0040.3gp!
9437 [main] INFO NLS  - Encrypted audio file en-05181-0400.3gp!
9437 [main] INFO NLS  - Encrypted audio file en-05181-0401.3gp!
9437 [main] INFO NLS  - Encrypted audio file en-05181-0402.3gp!
9437 [main] INFO NLS  - Encrypted audio file en-05181-0403.3gp!
9453 [main] INFO NLS  - Encrypted audio file en-05181-0404.3gp!
9453 [main] INFO NLS  - Encrypted audio file en-05181-0405.3gp!
9469 [main] INFO NLS  - Encrypted audio file en-05181-0406.3gp!
9469 [main] INFO NLS  - Encrypted audio file en-05181-0407.3gp!
9469 [main] INFO NLS  - Encrypted audio file en-05181-0408.3gp!
9484 [main] INFO NLS  - Encrypted audio file en-05181-0409.3gp!
9515 [main] INFO NLS  - Encrypted audio file en-05181-0041.3gp!
9531 [main] INFO NLS  - Encrypted audio file en-05181-0410.3gp!
9531 [main] INFO NLS  - Encrypted audio file en-05181-0411.3gp!
9531 [main] INFO NLS  - Encrypted audio file en-05181-0412.3gp!
9547 [main] INFO NLS  - Encrypted audio file en-05181-0413.3gp!
9547 [main] INFO NLS  - Encrypted audio file en-05181-0414.3gp!
9547 [main] INFO NLS  - Encrypted audio file en-05181-0415.3gp!
9547 [main] INFO NLS  - Encrypted audio file en-05181-0416.3gp!
9547 [main] INFO NLS  - Encrypted audio file en-05181-0417.3gp!
9562 [main] INFO NLS  - Encrypted audio file en-05181-0418.3gp!
9562 [main] INFO NLS  - Encrypted audio file en-05181-0419.3gp!
9578 [main] INFO NLS  - Encrypted audio file en-05181-0042.3gp!
9578 [main] INFO NLS  - Encrypted audio file en-05181-0420.3gp!
9578 [main] INFO NLS  - Encrypted audio file en-05181-0421.3gp!
9594 [main] INFO NLS  - Encrypted audio file en-05181-0422.3gp!
9594 [main] INFO NLS  - Encrypted audio file en-05181-0423.3gp!
9594 [main] INFO NLS  - Encrypted audio file en-05181-0424.3gp!
9594 [main] INFO NLS  - Encrypted audio file en-05181-0425.3gp!
9594 [main] INFO NLS  - Encrypted audio file en-05181-0426.3gp!
9594 [main] INFO NLS  - Encrypted audio file en-05181-0427.3gp!
9609 [main] INFO NLS  - Encrypted audio file en-05181-0428.3gp!
9609 [main] INFO NLS  - Encrypted audio file en-05181-0429.3gp!
9640 [main] INFO NLS  - Encrypted audio file en-05181-0043.3gp!
9640 [main] INFO NLS  - Encrypted audio file en-05181-0430.3gp!
9640 [main] INFO NLS  - Encrypted audio file en-05181-0431.3gp!
9656 [main] INFO NLS  - Encrypted audio file en-05181-0432.3gp!
9656 [main] INFO NLS  - Encrypted audio file en-05181-0433.3gp!
9656 [main] INFO NLS  - Encrypted audio file en-05181-0434.3gp!
9656 [main] INFO NLS  - Encrypted audio file en-05181-0435.3gp!
9656 [main] INFO NLS  - Encrypted audio file en-05181-0436.3gp!
9656 [main] INFO NLS  - Encrypted audio file en-05181-0437.3gp!
9672 [main] INFO NLS  - Encrypted audio file en-05181-0438.3gp!
9672 [main] INFO NLS  - Encrypted audio file en-05181-0439.3gp!
9672 [main] INFO NLS  - Encrypted audio file en-05181-0044.3gp!
9703 [main] INFO NLS  - Encrypted audio file en-05181-0440.3gp!
9765 [main] INFO NLS  - Encrypted audio file en-05181-0441.3gp!
9781 [main] INFO NLS  - Encrypted audio file en-05181-0442.3gp!
9781 [main] INFO NLS  - Encrypted audio file en-05181-0443.3gp!
9781 [main] INFO NLS  - Encrypted audio file en-05181-0444.3gp!
9828 [main] INFO NLS  - Encrypted audio file en-05181-0045.3gp!
9859 [main] INFO NLS  - Encrypted audio file en-05181-0046.3gp!
9875 [main] INFO NLS  - Encrypted audio file en-05181-0047.3gp!
9922 [main] INFO NLS  - Encrypted audio file en-05181-0048.3gp!
9937 [main] INFO NLS  - Encrypted audio file en-05181-0049.3gp!
9968 [main] INFO NLS  - Encrypted audio file en-05181-0005.3gp!
10000 [main] INFO NLS  - Encrypted audio file en-05181-0050.3gp!
10047 [main] INFO NLS  - Encrypted audio file en-05181-0051.3gp!
10062 [main] INFO NLS  - Encrypted audio file en-05181-0052.3gp!
10062 [main] INFO NLS  - Encrypted audio file en-05181-0053.3gp!
10093 [main] INFO NLS  - Encrypted audio file en-05181-0054.3gp!
10125 [main] INFO NLS  - Encrypted audio file en-05181-0055.3gp!
10156 [main] INFO NLS  - Encrypted audio file en-05181-0056.3gp!
10156 [main] INFO NLS  - Encrypted audio file en-05181-0057.3gp!
10250 [main] INFO NLS  - Encrypted audio file en-05181-0058.3gp!
10656 [main] INFO NLS  - Encrypted audio file en-05181-0059.3gp!
10750 [main] INFO NLS  - Encrypted audio file en-05181-0006.3gp!
10781 [main] INFO NLS  - Encrypted audio file en-05181-0060.3gp!
10812 [main] INFO NLS  - Encrypted audio file en-05181-0061.3gp!
10843 [main] INFO NLS  - Encrypted audio file en-05181-0062.3gp!
10875 [main] INFO NLS  - Encrypted audio file en-05181-0063.3gp!
10937 [main] INFO NLS  - Encrypted audio file en-05181-0064.3gp!
10953 [main] INFO NLS  - Encrypted audio file en-05181-0065.3gp!
10968 [main] INFO NLS  - Encrypted audio file en-05181-0066.3gp!
11000 [main] INFO NLS  - Encrypted audio file en-05181-0067.3gp!
11031 [main] INFO NLS  - Encrypted audio file en-05181-0068.3gp!
11062 [main] INFO NLS  - Encrypted audio file en-05181-0069.3gp!
11093 [main] INFO NLS  - Encrypted audio file en-05181-0007.3gp!
11140 [main] INFO NLS  - Encrypted audio file en-05181-0070.3gp!
11156 [main] INFO NLS  - Encrypted audio file en-05181-0071.3gp!
11172 [main] INFO NLS  - Encrypted audio file en-05181-0072.3gp!
11172 [main] INFO NLS  - Encrypted audio file en-05181-0073.3gp!
11203 [main] INFO NLS  - Encrypted audio file en-05181-0074.3gp!
11234 [main] INFO NLS  - Encrypted audio file en-05181-0075.3gp!
11250 [main] INFO NLS  - Encrypted audio file en-05181-0076.3gp!
11265 [main] INFO NLS  - Encrypted audio file en-05181-0077.3gp!
11281 [main] INFO NLS  - Encrypted audio file en-05181-0078.3gp!
11312 [main] INFO NLS  - Encrypted audio file en-05181-0079.3gp!
11328 [main] INFO NLS  - Encrypted audio file en-05181-0008.3gp!
11375 [main] INFO NLS  - Encrypted audio file en-05181-0080.3gp!
11406 [main] INFO NLS  - Encrypted audio file en-05181-0081.3gp!
11422 [main] INFO NLS  - Encrypted audio file en-05181-0082.3gp!
11437 [main] INFO NLS  - Encrypted audio file en-05181-0083.3gp!
11500 [main] INFO NLS  - Encrypted audio file en-05181-0084.3gp!
11578 [main] INFO NLS  - Encrypted audio file en-05181-0085.3gp!
11609 [main] INFO NLS  - Encrypted audio file en-05181-0086.3gp!
11640 [main] INFO NLS  - Encrypted audio file en-05181-0087.3gp!
11672 [main] INFO NLS  - Encrypted audio file en-05181-0088.3gp!
11687 [main] INFO NLS  - Encrypted audio file en-05181-0089.3gp!
11750 [main] INFO NLS  - Encrypted audio file en-05181-0009.3gp!
11781 [main] INFO NLS  - Encrypted audio file en-05181-0090.3gp!
11797 [main] INFO NLS  - Encrypted audio file en-05181-0091.3gp!
11984 [main] INFO NLS  - Encrypted audio file en-05181-0092.3gp!
12109 [main] INFO NLS  - Encrypted audio file en-05181-0093.3gp!
12140 [main] INFO NLS  - Encrypted audio file en-05181-0094.3gp!
12187 [main] INFO NLS  - Encrypted audio file en-05181-0095.3gp!
12265 [main] INFO NLS  - Encrypted audio file en-05181-0096.3gp!
12281 [main] INFO NLS  - Encrypted audio file en-05181-0097.3gp!
12296 [main] INFO NLS  - Encrypted audio file en-05181-0098.3gp!
12328 [main] INFO NLS  - Encrypted audio file en-05181-0099.3gp!
12828 [main] INFO NLS  - Copying en-05181hdgs.3gp to output directory, unchanged.  Media type:  audio/3gpp  ID:  hdgs
12828 [main] INFO NLS  - Copying ncx110.dtd to output directory, unchanged.  Media type:  text/xml  ID:  ncx_dtd
12828 [main] INFO NLS  - Copying oebpkg101.dtd to output directory, unchanged.  Media type:  text/xml  ID:  pkgdtd
12843 [main] INFO NLS  - Copying oeb1.ent to output directory, unchanged.  Media type:  text/xml  ID:  pkgent
13093 [main] INFO NLS  - DTDs to be found in: Z:\Jon\en-05181\HABC\en-05181
13234 [main] INFO NLS  - Encrypted smil file en-05181-0001.smil!
13359 [main] INFO NLS  - Encrypted smil file en-05181-0002.smil!
13390 [main] INFO NLS  - Encrypted smil file en-05181-0003.smil!
13390 [main] INFO NLS  - Copying dtbsmil110.dtd to output directory, unchanged.  Media type:  text/xml  ID:  smil_dtd
13390 [main] INFO NLS  - Encrypted DTB Content Files   return code = 0
13718 [main] INFO NLS  - Created Encrypted NCX   return code = 0
13734 [main] INFO NLS  - Generating MD5 for complete DTB.
15906 [main] INFO NLS  - Created the Protected OPF   return code = 0
15906 [main] INFO NLS  - == End time is Wed Jun 07 17:20:11 EDT 2023
15906 [main] INFO NLS  - == Loaded in 15.95 seconds.
15906 [main] INFO NLS  - Normal program completion.  Return code = 0
15906 [main] INFO NLS  - == Final return code = 0
