0 [main] INFO NLS  - DTB Encryption Protector Version 1.7.0 - 2013/12/18 08:00 EDT
15 [main] INFO NLS  - == Start DTB Encryption at Wed Jun 07 17:17:07 EDT 2023
15 [main] INFO NLS  - Using output directory = |C:\NLSEncrypt\scripts\..\DRM\protectedBooks\noDRM|
15 [main] INFO NLS  - Using facade directory = |C:\NLSEncrypt\scripts\..\testEncryptInputs\facade|
15 [main] INFO NLS  - Using public key file = |C:\NLSEncrypt\scripts\..\testEncryptInputs\us-nls.ntwk-1.pub.der|
15 [main] INFO NLS  - Using AO file = |C:\NLSEncrypt\scripts\..\testEncryptInputs\template.ao|
15 [main] INFO NLS  - Using input directory = |Z:\Jon\en-05181\HABC\noDRM|
15 [main] INFO NLS  - Public Key File found.  |C:\NLSEncrypt\scripts\..\testEncryptInputs\us-nls.ntwk-1.pub.der|
47 [main] INFO NLS  - Headings audio file NOT being encrypted
594 [main] INFO NLS  - DTBuid:  us-jbi-en-05181
594 [main] INFO NLS  - Created the manifestMap   return code = 0
625 [main] INFO NLS  - Created the spineMap   return code = 0
656 [main] INFO NLS  - Created the facade OPF   return code = 0
656 [main] INFO NLS  - ID of headings file = hdgs
828 [main] INFO NLS  - Created the facade   return code = 0
828 [main] INFO NLS  - Created the new AO   return code = 0
1406 [main] INFO NLS  - Created the Encryption Keys   return code = 0
1468 [main] INFO NLS  - Encrypted audio file en-05181-0001.3gp!
1890 [main] INFO NLS  - Encrypted audio file en-05181-0010.3gp!
2250 [main] INFO NLS  - Encrypted audio file en-05181-0100.3gp!
2328 [main] INFO NLS  - Encrypted audio file en-05181-0101.3gp!
2422 [main] INFO NLS  - Encrypted audio file en-05181-0102.3gp!
2468 [main] INFO NLS  - Encrypted audio file en-05181-0103.3gp!
2500 [main] INFO NLS  - Encrypted audio file en-05181-0104.3gp!
2515 [main] INFO NLS  - Encrypted audio file en-05181-0105.3gp!
2578 [main] INFO NLS  - Encrypted audio file en-05181-0106.3gp!
2609 [main] INFO NLS  - Encrypted audio file en-05181-0107.3gp!
2625 [main] INFO NLS  - Encrypted audio file en-05181-0108.3gp!
2703 [main] INFO NLS  - Encrypted audio file en-05181-0109.3gp!
2953 [main] INFO NLS  - Encrypted audio file en-05181-0011.3gp!
3015 [main] INFO NLS  - Encrypted audio file en-05181-0110.3gp!
3047 [main] INFO NLS  - Encrypted audio file en-05181-0111.3gp!
3125 [main] INFO NLS  - Encrypted audio file en-05181-0112.3gp!
3171 [main] INFO NLS  - Encrypted audio file en-05181-0113.3gp!
3203 [main] INFO NLS  - Encrypted audio file en-05181-0114.3gp!
3218 [main] INFO NLS  - Encrypted audio file en-05181-0115.3gp!
3250 [main] INFO NLS  - Encrypted audio file en-05181-0116.3gp!
3281 [main] INFO NLS  - Encrypted audio file en-05181-0117.3gp!
3718 [main] INFO NLS  - Encrypted audio file en-05181-0118.3gp!
3718 [main] INFO NLS  - Encrypted audio file en-05181-0119.3gp!
3781 [main] INFO NLS  - Encrypted audio file en-05181-0012.3gp!
3875 [main] INFO NLS  - Encrypted audio file en-05181-0120.3gp!
3890 [main] INFO NLS  - Encrypted audio file en-05181-0121.3gp!
3921 [main] INFO NLS  - Encrypted audio file en-05181-0122.3gp!
3953 [main] INFO NLS  - Encrypted audio file en-05181-0123.3gp!
4046 [main] INFO NLS  - Encrypted audio file en-05181-0124.3gp!
4062 [main] INFO NLS  - Encrypted audio file en-05181-0125.3gp!
4109 [main] INFO NLS  - Encrypted audio file en-05181-0126.3gp!
4109 [main] INFO NLS  - Encrypted audio file en-05181-0127.3gp!
4125 [main] INFO NLS  - Encrypted audio file en-05181-0128.3gp!
4125 [main] INFO NLS  - Encrypted audio file en-05181-0129.3gp!
4375 [main] INFO NLS  - Encrypted audio file en-05181-0013.3gp!
4421 [main] INFO NLS  - Encrypted audio file en-05181-0130.3gp!
4437 [main] INFO NLS  - Encrypted audio file en-05181-0131.3gp!
4515 [main] INFO NLS  - Encrypted audio file en-05181-0132.3gp!
4593 [main] INFO NLS  - Encrypted audio file en-05181-0133.3gp!
4640 [main] INFO NLS  - Encrypted audio file en-05181-0134.3gp!
4656 [main] INFO NLS  - Encrypted audio file en-05181-0135.3gp!
4687 [main] INFO NLS  - Encrypted audio file en-05181-0136.3gp!
4718 [main] INFO NLS  - Encrypted audio file en-05181-0137.3gp!
4765 [main] INFO NLS  - Encrypted audio file en-05181-0138.3gp!
4781 [main] INFO NLS  - Encrypted audio file en-05181-0139.3gp!
4828 [main] INFO NLS  - Encrypted audio file en-05181-0014.3gp!
4859 [main] INFO NLS  - Encrypted audio file en-05181-0140.3gp!
4921 [main] INFO NLS  - Encrypted audio file en-05181-0141.3gp!
4953 [main] INFO NLS  - Encrypted audio file en-05181-0142.3gp!
4984 [main] INFO NLS  - Encrypted audio file en-05181-0143.3gp!
5390 [main] INFO NLS  - Encrypted audio file en-05181-0144.3gp!
5437 [main] INFO NLS  - Encrypted audio file en-05181-0145.3gp!
5453 [main] INFO NLS  - Encrypted audio file en-05181-0146.3gp!
5468 [main] INFO NLS  - Encrypted audio file en-05181-0147.3gp!
5499 [main] INFO NLS  - Encrypted audio file en-05181-0148.3gp!
5578 [main] INFO NLS  - Encrypted audio file en-05181-0149.3gp!
5609 [main] INFO NLS  - Encrypted audio file en-05181-0015.3gp!
5703 [main] INFO NLS  - Encrypted audio file en-05181-0150.3gp!
5734 [main] INFO NLS  - Encrypted audio file en-05181-0151.3gp!
5812 [main] INFO NLS  - Encrypted audio file en-05181-0152.3gp!
5859 [main] INFO NLS  - Encrypted audio file en-05181-0153.3gp!
5937 [main] INFO NLS  - Encrypted audio file en-05181-0154.3gp!
5984 [main] INFO NLS  - Encrypted audio file en-05181-0155.3gp!
6078 [main] INFO NLS  - Encrypted audio file en-05181-0156.3gp!
6171 [main] INFO NLS  - Encrypted audio file en-05181-0157.3gp!
6187 [main] INFO NLS  - Encrypted audio file en-05181-0158.3gp!
6234 [main] INFO NLS  - Encrypted audio file en-05181-0159.3gp!
6406 [main] INFO NLS  - Encrypted audio file en-05181-0016.3gp!
6421 [main] INFO NLS  - Encrypted audio file en-05181-0160.3gp!
6437 [main] INFO NLS  - Encrypted audio file en-05181-0161.3gp!
6437 [main] INFO NLS  - Encrypted audio file en-05181-0162.3gp!
6453 [main] INFO NLS  - Encrypted audio file en-05181-0163.3gp!
6453 [main] INFO NLS  - Encrypted audio file en-05181-0164.3gp!
6453 [main] INFO NLS  - Encrypted audio file en-05181-0165.3gp!
6453 [main] INFO NLS  - Encrypted audio file en-05181-0166.3gp!
6468 [main] INFO NLS  - Encrypted audio file en-05181-0167.3gp!
6468 [main] INFO NLS  - Encrypted audio file en-05181-0168.3gp!
6499 [main] INFO NLS  - Encrypted audio file en-05181-0169.3gp!
6968 [main] INFO NLS  - Encrypted audio file en-05181-0017.3gp!
6984 [main] INFO NLS  - Encrypted audio file en-05181-0170.3gp!
6984 [main] INFO NLS  - Encrypted audio file en-05181-0171.3gp!
6999 [main] INFO NLS  - Encrypted audio file en-05181-0172.3gp!
6999 [main] INFO NLS  - Encrypted audio file en-05181-0173.3gp!
7015 [main] INFO NLS  - Encrypted audio file en-05181-0174.3gp!
7015 [main] INFO NLS  - Encrypted audio file en-05181-0175.3gp!
7031 [main] INFO NLS  - Encrypted audio file en-05181-0176.3gp!
7046 [main] INFO NLS  - Encrypted audio file en-05181-0177.3gp!
7062 [main] INFO NLS  - Encrypted audio file en-05181-0178.3gp!
7062 [main] INFO NLS  - Encrypted audio file en-05181-0179.3gp!
7249 [main] INFO NLS  - Encrypted audio file en-05181-0018.3gp!
7249 [main] INFO NLS  - Encrypted audio file en-05181-0180.3gp!
7265 [main] INFO NLS  - Encrypted audio file en-05181-0181.3gp!
7265 [main] INFO NLS  - Encrypted audio file en-05181-0182.3gp!
7281 [main] INFO NLS  - Encrypted audio file en-05181-0183.3gp!
7281 [main] INFO NLS  - Encrypted audio file en-05181-0184.3gp!
7281 [main] INFO NLS  - Encrypted audio file en-05181-0185.3gp!
7296 [main] INFO NLS  - Encrypted audio file en-05181-0186.3gp!
7296 [main] INFO NLS  - Encrypted audio file en-05181-0187.3gp!
7312 [main] INFO NLS  - Encrypted audio file en-05181-0188.3gp!
7328 [main] INFO NLS  - Encrypted audio file en-05181-0189.3gp!
7484 [main] INFO NLS  - Encrypted audio file en-05181-0019.3gp!
7499 [main] INFO NLS  - Encrypted audio file en-05181-0190.3gp!
7546 [main] INFO NLS  - Encrypted audio file en-05181-0191.3gp!
7546 [main] INFO NLS  - Encrypted audio file en-05181-0192.3gp!
7562 [main] INFO NLS  - Encrypted audio file en-05181-0193.3gp!
7609 [main] INFO NLS  - Encrypted audio file en-05181-0194.3gp!
7671 [main] INFO NLS  - Encrypted audio file en-05181-0195.3gp!
7702 [main] INFO NLS  - Encrypted audio file en-05181-0196.3gp!
7734 [main] INFO NLS  - Encrypted audio file en-05181-0197.3gp!
7749 [main] INFO NLS  - Encrypted audio file en-05181-0198.3gp!
7812 [main] INFO NLS  - Encrypted audio file en-05181-0199.3gp!
8281 [main] INFO NLS  - Encrypted audio file en-05181-0002.3gp!
8327 [main] INFO NLS  - Encrypted audio file en-05181-0020.3gp!
8343 [main] INFO NLS  - Encrypted audio file en-05181-0200.3gp!
8343 [main] INFO NLS  - Encrypted audio file en-05181-0201.3gp!
8359 [main] INFO NLS  - Encrypted audio file en-05181-0202.3gp!
8374 [main] INFO NLS  - Encrypted audio file en-05181-0203.3gp!
8390 [main] INFO NLS  - Encrypted audio file en-05181-0204.3gp!
8390 [main] INFO NLS  - Encrypted audio file en-05181-0205.3gp!
8390 [main] INFO NLS  - Encrypted audio file en-05181-0206.3gp!
8406 [main] INFO NLS  - Encrypted audio file en-05181-0207.3gp!
8406 [main] INFO NLS  - Encrypted audio file en-05181-0208.3gp!
8421 [main] INFO NLS  - Encrypted audio file en-05181-0209.3gp!
8484 [main] INFO NLS  - Encrypted audio file en-05181-0021.3gp!
8499 [main] INFO NLS  - Encrypted audio file en-05181-0210.3gp!
8515 [main] INFO NLS  - Encrypted audio file en-05181-0211.3gp!
8515 [main] INFO NLS  - Encrypted audio file en-05181-0212.3gp!
8531 [main] INFO NLS  - Encrypted audio file en-05181-0213.3gp!
8546 [main] INFO NLS  - Encrypted audio file en-05181-0214.3gp!
8546 [main] INFO NLS  - Encrypted audio file en-05181-0215.3gp!
8562 [main] INFO NLS  - Encrypted audio file en-05181-0216.3gp!
8562 [main] INFO NLS  - Encrypted audio file en-05181-0217.3gp!
8577 [main] INFO NLS  - Encrypted audio file en-05181-0218.3gp!
8577 [main] INFO NLS  - Encrypted audio file en-05181-0219.3gp!
8656 [main] INFO NLS  - Encrypted audio file en-05181-0022.3gp!
8656 [main] INFO NLS  - Encrypted audio file en-05181-0220.3gp!
8671 [main] INFO NLS  - Encrypted audio file en-05181-0221.3gp!
8671 [main] INFO NLS  - Encrypted audio file en-05181-0222.3gp!
8671 [main] INFO NLS  - Encrypted audio file en-05181-0223.3gp!
8671 [main] INFO NLS  - Encrypted audio file en-05181-0224.3gp!
8687 [main] INFO NLS  - Encrypted audio file en-05181-0225.3gp!
8687 [main] INFO NLS  - Encrypted audio file en-05181-0226.3gp!
8702 [main] INFO NLS  - Encrypted audio file en-05181-0227.3gp!
8718 [main] INFO NLS  - Encrypted audio file en-05181-0228.3gp!
8718 [main] INFO NLS  - Encrypted audio file en-05181-0229.3gp!
8749 [main] INFO NLS  - Encrypted audio file en-05181-0023.3gp!
8765 [main] INFO NLS  - Encrypted audio file en-05181-0230.3gp!
8765 [main] INFO NLS  - Encrypted audio file en-05181-0231.3gp!
8765 [main] INFO NLS  - Encrypted audio file en-05181-0232.3gp!
8781 [main] INFO NLS  - Encrypted audio file en-05181-0233.3gp!
8781 [main] INFO NLS  - Encrypted audio file en-05181-0234.3gp!
8796 [main] INFO NLS  - Encrypted audio file en-05181-0235.3gp!
8796 [main] INFO NLS  - Encrypted audio file en-05181-0236.3gp!
8812 [main] INFO NLS  - Encrypted audio file en-05181-0237.3gp!
8812 [main] INFO NLS  - Encrypted audio file en-05181-0238.3gp!
8827 [main] INFO NLS  - Encrypted audio file en-05181-0239.3gp!
8874 [main] INFO NLS  - Encrypted audio file en-05181-0024.3gp!
8890 [main] INFO NLS  - Encrypted audio file en-05181-0240.3gp!
8937 [main] INFO NLS  - Encrypted audio file en-05181-0241.3gp!
8952 [main] INFO NLS  - Encrypted audio file en-05181-0242.3gp!
8984 [main] INFO NLS  - Encrypted audio file en-05181-0243.3gp!
8984 [main] INFO NLS  - Encrypted audio file en-05181-0244.3gp!
8999 [main] INFO NLS  - Encrypted audio file en-05181-0245.3gp!
8999 [main] INFO NLS  - Encrypted audio file en-05181-0246.3gp!
8999 [main] INFO NLS  - Encrypted audio file en-05181-0247.3gp!
9015 [main] INFO NLS  - Encrypted audio file en-05181-0248.3gp!
9015 [main] INFO NLS  - Encrypted audio file en-05181-0249.3gp!
9124 [main] INFO NLS  - Encrypted audio file en-05181-0025.3gp!
9140 [main] INFO NLS  - Encrypted audio file en-05181-0250.3gp!
9156 [main] INFO NLS  - Encrypted audio file en-05181-0251.3gp!
9156 [main] INFO NLS  - Encrypted audio file en-05181-0252.3gp!
9171 [main] INFO NLS  - Encrypted audio file en-05181-0253.3gp!
9171 [main] INFO NLS  - Encrypted audio file en-05181-0254.3gp!
9171 [main] INFO NLS  - Encrypted audio file en-05181-0255.3gp!
9187 [main] INFO NLS  - Encrypted audio file en-05181-0256.3gp!
9187 [main] INFO NLS  - Encrypted audio file en-05181-0257.3gp!
9202 [main] INFO NLS  - Encrypted audio file en-05181-0258.3gp!
9218 [main] INFO NLS  - Encrypted audio file en-05181-0259.3gp!
9577 [main] INFO NLS  - Encrypted audio file en-05181-0026.3gp!
9609 [main] INFO NLS  - Encrypted audio file en-05181-0260.3gp!
9624 [main] INFO NLS  - Encrypted audio file en-05181-0261.3gp!
9624 [main] INFO NLS  - Encrypted audio file en-05181-0262.3gp!
9640 [main] INFO NLS  - Encrypted audio file en-05181-0263.3gp!
9656 [main] INFO NLS  - Encrypted audio file en-05181-0264.3gp!
9702 [main] INFO NLS  - Encrypted audio file en-05181-0265.3gp!
9718 [main] INFO NLS  - Encrypted audio file en-05181-0266.3gp!
9718 [main] INFO NLS  - Encrypted audio file en-05181-0267.3gp!
9749 [main] INFO NLS  - Encrypted audio file en-05181-0268.3gp!
9765 [main] INFO NLS  - Encrypted audio file en-05181-0269.3gp!
9796 [main] INFO NLS  - Encrypted audio file en-05181-0027.3gp!
10062 [main] INFO NLS  - Encrypted audio file en-05181-0270.3gp!
10062 [main] INFO NLS  - Encrypted audio file en-05181-0271.3gp!
10062 [main] INFO NLS  - Encrypted audio file en-05181-0272.3gp!
10062 [main] INFO NLS  - Encrypted audio file en-05181-0273.3gp!
10077 [main] INFO NLS  - Encrypted audio file en-05181-0274.3gp!
10077 [main] INFO NLS  - Encrypted audio file en-05181-0275.3gp!
10109 [main] INFO NLS  - Encrypted audio file en-05181-0276.3gp!
10124 [main] INFO NLS  - Encrypted audio file en-05181-0277.3gp!
10124 [main] INFO NLS  - Encrypted audio file en-05181-0278.3gp!
10124 [main] INFO NLS  - Encrypted audio file en-05181-0279.3gp!
10171 [main] INFO NLS  - Encrypted audio file en-05181-0028.3gp!
10265 [main] INFO NLS  - Encrypted audio file en-05181-0280.3gp!
10265 [main] INFO NLS  - Encrypted audio file en-05181-0281.3gp!
10296 [main] INFO NLS  - Encrypted audio file en-05181-0282.3gp!
10296 [main] INFO NLS  - Encrypted audio file en-05181-0283.3gp!
10296 [main] INFO NLS  - Encrypted audio file en-05181-0284.3gp!
10312 [main] INFO NLS  - Encrypted audio file en-05181-0285.3gp!
10359 [main] INFO NLS  - Encrypted audio file en-05181-0286.3gp!
10359 [main] INFO NLS  - Encrypted audio file en-05181-0287.3gp!
10405 [main] INFO NLS  - Encrypted audio file en-05181-0288.3gp!
10437 [main] INFO NLS  - Encrypted audio file en-05181-0289.3gp!
10984 [main] INFO NLS  - Encrypted audio file en-05181-0029.3gp!
11030 [main] INFO NLS  - Encrypted audio file en-05181-0290.3gp!
11030 [main] INFO NLS  - Encrypted audio file en-05181-0291.3gp!
11046 [main] INFO NLS  - Encrypted audio file en-05181-0292.3gp!
11062 [main] INFO NLS  - Encrypted audio file en-05181-0293.3gp!
11077 [main] INFO NLS  - Encrypted audio file en-05181-0294.3gp!
11140 [main] INFO NLS  - Encrypted audio file en-05181-0295.3gp!
11140 [main] INFO NLS  - Encrypted audio file en-05181-0296.3gp!
11171 [main] INFO NLS  - Encrypted audio file en-05181-0297.3gp!
11171 [main] INFO NLS  - Encrypted audio file en-05181-0298.3gp!
11171 [main] INFO NLS  - Encrypted audio file en-05181-0299.3gp!
11265 [main] INFO NLS  - Encrypted audio file en-05181-0003.3gp!
11327 [main] INFO NLS  - Encrypted audio file en-05181-0030.3gp!
11359 [main] INFO NLS  - Encrypted audio file en-05181-0300.3gp!
11421 [main] INFO NLS  - Encrypted audio file en-05181-0301.3gp!
11452 [main] INFO NLS  - Encrypted audio file en-05181-0302.3gp!
11484 [main] INFO NLS  - Encrypted audio file en-05181-0303.3gp!
11530 [main] INFO NLS  - Encrypted audio file en-05181-0304.3gp!
11546 [main] INFO NLS  - Encrypted audio file en-05181-0305.3gp!
11562 [main] INFO NLS  - Encrypted audio file en-05181-0306.3gp!
11562 [main] INFO NLS  - Encrypted audio file en-05181-0307.3gp!
11577 [main] INFO NLS  - Encrypted audio file en-05181-0308.3gp!
11577 [main] INFO NLS  - Encrypted audio file en-05181-0309.3gp!
11609 [main] INFO NLS  - Encrypted audio file en-05181-0031.3gp!
11609 [main] INFO NLS  - Encrypted audio file en-05181-0310.3gp!
11624 [main] INFO NLS  - Encrypted audio file en-05181-0311.3gp!
11640 [main] INFO NLS  - Encrypted audio file en-05181-0312.3gp!
11640 [main] INFO NLS  - Encrypted audio file en-05181-0313.3gp!
11640 [main] INFO NLS  - Encrypted audio file en-05181-0314.3gp!
11655 [main] INFO NLS  - Encrypted audio file en-05181-0315.3gp!
11655 [main] INFO NLS  - Encrypted audio file en-05181-0316.3gp!
11671 [main] INFO NLS  - Encrypted audio file en-05181-0317.3gp!
11671 [main] INFO NLS  - Encrypted audio file en-05181-0318.3gp!
11671 [main] INFO NLS  - Encrypted audio file en-05181-0319.3gp!
11734 [main] INFO NLS  - Encrypted audio file en-05181-0032.3gp!
11780 [main] INFO NLS  - Encrypted audio file en-05181-0320.3gp!
11827 [main] INFO NLS  - Encrypted audio file en-05181-0321.3gp!
11890 [main] INFO NLS  - Encrypted audio file en-05181-0322.3gp!
11937 [main] INFO NLS  - Encrypted audio file en-05181-0323.3gp!
11952 [main] INFO NLS  - Encrypted audio file en-05181-0324.3gp!
11968 [main] INFO NLS  - Encrypted audio file en-05181-0325.3gp!
11984 [main] INFO NLS  - Encrypted audio file en-05181-0326.3gp!
11984 [main] INFO NLS  - Encrypted audio file en-05181-0327.3gp!
11984 [main] INFO NLS  - Encrypted audio file en-05181-0328.3gp!
11999 [main] INFO NLS  - Encrypted audio file en-05181-0329.3gp!
12530 [main] INFO NLS  - Encrypted audio file en-05181-0033.3gp!
12577 [main] INFO NLS  - Encrypted audio file en-05181-0330.3gp!
12577 [main] INFO NLS  - Encrypted audio file en-05181-0331.3gp!
12593 [main] INFO NLS  - Encrypted audio file en-05181-0332.3gp!
12593 [main] INFO NLS  - Encrypted audio file en-05181-0333.3gp!
12608 [main] INFO NLS  - Encrypted audio file en-05181-0334.3gp!
12624 [main] INFO NLS  - Encrypted audio file en-05181-0335.3gp!
12640 [main] INFO NLS  - Encrypted audio file en-05181-0336.3gp!
12655 [main] INFO NLS  - Encrypted audio file en-05181-0337.3gp!
12671 [main] INFO NLS  - Encrypted audio file en-05181-0338.3gp!
12702 [main] INFO NLS  - Encrypted audio file en-05181-0339.3gp!
12765 [main] INFO NLS  - Encrypted audio file en-05181-0034.3gp!
12780 [main] INFO NLS  - Encrypted audio file en-05181-0340.3gp!
12780 [main] INFO NLS  - Encrypted audio file en-05181-0341.3gp!
12780 [main] INFO NLS  - Encrypted audio file en-05181-0342.3gp!
12796 [main] INFO NLS  - Encrypted audio file en-05181-0343.3gp!
12858 [main] INFO NLS  - Encrypted audio file en-05181-0344.3gp!
12874 [main] INFO NLS  - Encrypted audio file en-05181-0345.3gp!
12874 [main] INFO NLS  - Encrypted audio file en-05181-0346.3gp!
12890 [main] INFO NLS  - Encrypted audio file en-05181-0347.3gp!
12905 [main] INFO NLS  - Encrypted audio file en-05181-0348.3gp!
12905 [main] INFO NLS  - Encrypted audio file en-05181-0349.3gp!
12952 [main] INFO NLS  - Encrypted audio file en-05181-0035.3gp!
12983 [main] INFO NLS  - Encrypted audio file en-05181-0350.3gp!
12999 [main] INFO NLS  - Encrypted audio file en-05181-0351.3gp!
13015 [main] INFO NLS  - Encrypted audio file en-05181-0352.3gp!
13077 [main] INFO NLS  - Encrypted audio file en-05181-0353.3gp!
13108 [main] INFO NLS  - Encrypted audio file en-05181-0354.3gp!
13124 [main] INFO NLS  - Encrypted audio file en-05181-0355.3gp!
13124 [main] INFO NLS  - Encrypted audio file en-05181-0356.3gp!
13140 [main] INFO NLS  - Encrypted audio file en-05181-0357.3gp!
13140 [main] INFO NLS  - Encrypted audio file en-05181-0358.3gp!
13171 [main] INFO NLS  - Encrypted audio file en-05181-0359.3gp!
13733 [main] INFO NLS  - Encrypted audio file en-05181-0036.3gp!
13812 [main] INFO NLS  - Encrypted audio file en-05181-0360.3gp!
13812 [main] INFO NLS  - Encrypted audio file en-05181-0361.3gp!
13843 [main] INFO NLS  - Encrypted audio file en-05181-0362.3gp!
13843 [main] INFO NLS  - Encrypted audio file en-05181-0363.3gp!
13843 [main] INFO NLS  - Encrypted audio file en-05181-0364.3gp!
13858 [main] INFO NLS  - Encrypted audio file en-05181-0365.3gp!
13890 [main] INFO NLS  - Encrypted audio file en-05181-0366.3gp!
13890 [main] INFO NLS  - Encrypted audio file en-05181-0367.3gp!
13890 [main] INFO NLS  - Encrypted audio file en-05181-0368.3gp!
13890 [main] INFO NLS  - Encrypted audio file en-05181-0369.3gp!
13937 [main] INFO NLS  - Encrypted audio file en-05181-0037.3gp!
13952 [main] INFO NLS  - Encrypted audio file en-05181-0370.3gp!
13952 [main] INFO NLS  - Encrypted audio file en-05181-0371.3gp!
13968 [main] INFO NLS  - Encrypted audio file en-05181-0372.3gp!
13968 [main] INFO NLS  - Encrypted audio file en-05181-0373.3gp!
13968 [main] INFO NLS  - Encrypted audio file en-05181-0374.3gp!
13968 [main] INFO NLS  - Encrypted audio file en-05181-0375.3gp!
13983 [main] INFO NLS  - Encrypted audio file en-05181-0376.3gp!
13983 [main] INFO NLS  - Encrypted audio file en-05181-0377.3gp!
13983 [main] INFO NLS  - Encrypted audio file en-05181-0378.3gp!
13999 [main] INFO NLS  - Encrypted audio file en-05181-0379.3gp!
14015 [main] INFO NLS  - Encrypted audio file en-05181-0038.3gp!
14015 [main] INFO NLS  - Encrypted audio file en-05181-0380.3gp!
14046 [main] INFO NLS  - Encrypted audio file en-05181-0381.3gp!
14062 [main] INFO NLS  - Encrypted audio file en-05181-0382.3gp!
14062 [main] INFO NLS  - Encrypted audio file en-05181-0383.3gp!
14062 [main] INFO NLS  - Encrypted audio file en-05181-0384.3gp!
14077 [main] INFO NLS  - Encrypted audio file en-05181-0385.3gp!
14093 [main] INFO NLS  - Encrypted audio file en-05181-0386.3gp!
14124 [main] INFO NLS  - Encrypted audio file en-05181-0387.3gp!
14171 [main] INFO NLS  - Encrypted audio file en-05181-0388.3gp!
14187 [main] INFO NLS  - Encrypted audio file en-05181-0389.3gp!
14233 [main] INFO NLS  - Encrypted audio file en-05181-0039.3gp!
14280 [main] INFO NLS  - Encrypted audio file en-05181-0390.3gp!
14280 [main] INFO NLS  - Encrypted audio file en-05181-0391.3gp!
14280 [main] INFO NLS  - Encrypted audio file en-05181-0392.3gp!
14296 [main] INFO NLS  - Encrypted audio file en-05181-0393.3gp!
14296 [main] INFO NLS  - Encrypted audio file en-05181-0394.3gp!
14296 [main] INFO NLS  - Encrypted audio file en-05181-0395.3gp!
14296 [main] INFO NLS  - Encrypted audio file en-05181-0396.3gp!
14296 [main] INFO NLS  - Encrypted audio file en-05181-0397.3gp!
14312 [main] INFO NLS  - Encrypted audio file en-05181-0398.3gp!
14312 [main] INFO NLS  - Encrypted audio file en-05181-0399.3gp!
14374 [main] INFO NLS  - Encrypted audio file en-05181-0004.3gp!
14452 [main] INFO NLS  - Encrypted audio file en-05181-0040.3gp!
14483 [main] INFO NLS  - Encrypted audio file en-05181-0400.3gp!
14515 [main] INFO NLS  - Encrypted audio file en-05181-0401.3gp!
14546 [main] INFO NLS  - Encrypted audio file en-05181-0402.3gp!
14561 [main] INFO NLS  - Encrypted audio file en-05181-0403.3gp!
14561 [main] INFO NLS  - Encrypted audio file en-05181-0404.3gp!
14577 [main] INFO NLS  - Encrypted audio file en-05181-0405.3gp!
14624 [main] INFO NLS  - Encrypted audio file en-05181-0406.3gp!
14640 [main] INFO NLS  - Encrypted audio file en-05181-0407.3gp!
14640 [main] INFO NLS  - Encrypted audio file en-05181-0408.3gp!
14640 [main] INFO NLS  - Encrypted audio file en-05181-0409.3gp!
14702 [main] INFO NLS  - Encrypted audio file en-05181-0041.3gp!
14718 [main] INFO NLS  - Encrypted audio file en-05181-0410.3gp!
14718 [main] INFO NLS  - Encrypted audio file en-05181-0411.3gp!
14718 [main] INFO NLS  - Encrypted audio file en-05181-0412.3gp!
14718 [main] INFO NLS  - Encrypted audio file en-05181-0413.3gp!
14733 [main] INFO NLS  - Encrypted audio file en-05181-0414.3gp!
14733 [main] INFO NLS  - Encrypted audio file en-05181-0415.3gp!
14733 [main] INFO NLS  - Encrypted audio file en-05181-0416.3gp!
14733 [main] INFO NLS  - Encrypted audio file en-05181-0417.3gp!
14733 [main] INFO NLS  - Encrypted audio file en-05181-0418.3gp!
14749 [main] INFO NLS  - Encrypted audio file en-05181-0419.3gp!
14765 [main] INFO NLS  - Encrypted audio file en-05181-0042.3gp!
14811 [main] INFO NLS  - Encrypted audio file en-05181-0420.3gp!
14890 [main] INFO NLS  - Encrypted audio file en-05181-0421.3gp!
14936 [main] INFO NLS  - Encrypted audio file en-05181-0422.3gp!
14952 [main] INFO NLS  - Encrypted audio file en-05181-0423.3gp!
14968 [main] INFO NLS  - Encrypted audio file en-05181-0424.3gp!
14983 [main] INFO NLS  - Encrypted audio file en-05181-0425.3gp!
14999 [main] INFO NLS  - Encrypted audio file en-05181-0426.3gp!
15015 [main] INFO NLS  - Encrypted audio file en-05181-0427.3gp!
15061 [main] INFO NLS  - Encrypted audio file en-05181-0428.3gp!
15093 [main] INFO NLS  - Encrypted audio file en-05181-0429.3gp!
15140 [main] INFO NLS  - Encrypted audio file en-05181-0043.3gp!
15171 [main] INFO NLS  - Encrypted audio file en-05181-0430.3gp!
15171 [main] INFO NLS  - Encrypted audio file en-05181-0431.3gp!
15171 [main] INFO NLS  - Encrypted audio file en-05181-0432.3gp!
15186 [main] INFO NLS  - Encrypted audio file en-05181-0433.3gp!
15202 [main] INFO NLS  - Encrypted audio file en-05181-0434.3gp!
15202 [main] INFO NLS  - Encrypted audio file en-05181-0435.3gp!
15233 [main] INFO NLS  - Encrypted audio file en-05181-0436.3gp!
15233 [main] INFO NLS  - Encrypted audio file en-05181-0437.3gp!
15311 [main] INFO NLS  - Encrypted audio file en-05181-0438.3gp!
15311 [main] INFO NLS  - Encrypted audio file en-05181-0439.3gp!
15358 [main] INFO NLS  - Encrypted audio file en-05181-0044.3gp!
15436 [main] INFO NLS  - Encrypted audio file en-05181-0440.3gp!
15530 [main] INFO NLS  - Encrypted audio file en-05181-0441.3gp!
15577 [main] INFO NLS  - Encrypted audio file en-05181-0442.3gp!
15655 [main] INFO NLS  - Encrypted audio file en-05181-0443.3gp!
15702 [main] INFO NLS  - Encrypted audio file en-05181-0444.3gp!
15796 [main] INFO NLS  - Encrypted audio file en-05181-0045.3gp!
15843 [main] INFO NLS  - Encrypted audio file en-05181-0046.3gp!
15968 [main] INFO NLS  - Encrypted audio file en-05181-0047.3gp!
16061 [main] INFO NLS  - Encrypted audio file en-05181-0048.3gp!
16077 [main] INFO NLS  - Encrypted audio file en-05181-0049.3gp!
16124 [main] INFO NLS  - Encrypted audio file en-05181-0005.3gp!
16171 [main] INFO NLS  - Encrypted audio file en-05181-0050.3gp!
16202 [main] INFO NLS  - Encrypted audio file en-05181-0051.3gp!
16218 [main] INFO NLS  - Encrypted audio file en-05181-0052.3gp!
16218 [main] INFO NLS  - Encrypted audio file en-05181-0053.3gp!
16233 [main] INFO NLS  - Encrypted audio file en-05181-0054.3gp!
16265 [main] INFO NLS  - Encrypted audio file en-05181-0055.3gp!
16280 [main] INFO NLS  - Encrypted audio file en-05181-0056.3gp!
16327 [main] INFO NLS  - Encrypted audio file en-05181-0057.3gp!
16327 [main] INFO NLS  - Encrypted audio file en-05181-0058.3gp!
16733 [main] INFO NLS  - Encrypted audio file en-05181-0059.3gp!
16843 [main] INFO NLS  - Encrypted audio file en-05181-0006.3gp!
16858 [main] INFO NLS  - Encrypted audio file en-05181-0060.3gp!
16874 [main] INFO NLS  - Encrypted audio file en-05181-0061.3gp!
16889 [main] INFO NLS  - Encrypted audio file en-05181-0062.3gp!
16905 [main] INFO NLS  - Encrypted audio file en-05181-0063.3gp!
16921 [main] INFO NLS  - Encrypted audio file en-05181-0064.3gp!
16936 [main] INFO NLS  - Encrypted audio file en-05181-0065.3gp!
16952 [main] INFO NLS  - Encrypted audio file en-05181-0066.3gp!
16952 [main] INFO NLS  - Encrypted audio file en-05181-0067.3gp!
16968 [main] INFO NLS  - Encrypted audio file en-05181-0068.3gp!
16983 [main] INFO NLS  - Encrypted audio file en-05181-0069.3gp!
17014 [main] INFO NLS  - Encrypted audio file en-05181-0007.3gp!
17061 [main] INFO NLS  - Encrypted audio file en-05181-0070.3gp!
17093 [main] INFO NLS  - Encrypted audio file en-05181-0071.3gp!
17108 [main] INFO NLS  - Encrypted audio file en-05181-0072.3gp!
17124 [main] INFO NLS  - Encrypted audio file en-05181-0073.3gp!
17233 [main] INFO NLS  - Encrypted audio file en-05181-0074.3gp!
17280 [main] INFO NLS  - Encrypted audio file en-05181-0075.3gp!
17296 [main] INFO NLS  - Encrypted audio file en-05181-0076.3gp!
17374 [main] INFO NLS  - Encrypted audio file en-05181-0077.3gp!
17405 [main] INFO NLS  - Encrypted audio file en-05181-0078.3gp!
17421 [main] INFO NLS  - Encrypted audio file en-05181-0079.3gp!
17452 [main] INFO NLS  - Encrypted audio file en-05181-0008.3gp!
17499 [main] INFO NLS  - Encrypted audio file en-05181-0080.3gp!
17514 [main] INFO NLS  - Encrypted audio file en-05181-0081.3gp!
17546 [main] INFO NLS  - Encrypted audio file en-05181-0082.3gp!
17561 [main] INFO NLS  - Encrypted audio file en-05181-0083.3gp!
17608 [main] INFO NLS  - Encrypted audio file en-05181-0084.3gp!
17733 [main] INFO NLS  - Encrypted audio file en-05181-0085.3gp!
17749 [main] INFO NLS  - Encrypted audio file en-05181-0086.3gp!
17827 [main] INFO NLS  - Encrypted audio file en-05181-0087.3gp!
17858 [main] INFO NLS  - Encrypted audio file en-05181-0088.3gp!
17874 [main] INFO NLS  - Encrypted audio file en-05181-0089.3gp!
17968 [main] INFO NLS  - Encrypted audio file en-05181-0009.3gp!
18046 [main] INFO NLS  - Encrypted audio file en-05181-0090.3gp!
18108 [main] INFO NLS  - Encrypted audio file en-05181-0091.3gp!
18124 [main] INFO NLS  - Encrypted audio file en-05181-0092.3gp!
18139 [main] INFO NLS  - Encrypted audio file en-05181-0093.3gp!
18171 [main] INFO NLS  - Encrypted audio file en-05181-0094.3gp!
18202 [main] INFO NLS  - Encrypted audio file en-05181-0095.3gp!
18280 [main] INFO NLS  - Encrypted audio file en-05181-0096.3gp!
18311 [main] INFO NLS  - Encrypted audio file en-05181-0097.3gp!
18358 [main] INFO NLS  - Encrypted audio file en-05181-0098.3gp!
18436 [main] INFO NLS  - Encrypted audio file en-05181-0099.3gp!
19639 [main] INFO NLS  - Copying en-05181hdgs.3gp to output directory, unchanged.  Media type:  audio/3gpp  ID:  hdgs
19655 [main] INFO NLS  - Copying ncx110.dtd to output directory, unchanged.  Media type:  text/xml  ID:  ncx_dtd
19702 [main] INFO NLS  - Copying oebpkg101.dtd to output directory, unchanged.  Media type:  text/xml  ID:  pkgdtd
19749 [main] INFO NLS  - Copying oeb1.ent to output directory, unchanged.  Media type:  text/xml  ID:  pkgent
19811 [main] INFO NLS  - DTDs to be found in: Z:\Jon\en-05181\HABC\noDRM
19983 [main] INFO NLS  - Encrypted smil file en-05181-0001.smil!
20952 [main] INFO NLS  - Encrypted smil file en-05181-0002.smil!
21030 [main] INFO NLS  - Encrypted smil file en-05181-0003.smil!
21139 [main] INFO NLS  - Copying dtbsmil110.dtd to output directory, unchanged.  Media type:  text/xml  ID:  smil_dtd
21139 [main] INFO NLS  - Encrypted DTB Content Files   return code = 0
21530 [main] INFO NLS  - Created Encrypted NCX   return code = 0
21545 [main] INFO NLS  - Generating MD5 for complete DTB.
32420 [main] INFO NLS  - Created the Protected OPF   return code = 0
32420 [main] INFO NLS  - == End time is Wed Jun 07 17:17:40 EDT 2023
32420 [main] INFO NLS  - == Loaded in 32.48 seconds.
32420 [main] INFO NLS  - Normal program completion.  Return code = 0
32420 [main] INFO NLS  - == Final return code = 0
